0 info it worked if it ends with ok
1 verbose cli [ '/usr/local/Cellar/node/7.2.1/bin/node',
1 verbose cli   '/usr/local/bin/npm',
1 verbose cli   'run',
1 verbose cli   'lint' ]
2 info using npm@3.10.9
3 info using node@v7.2.1
4 verbose run-script [ 'prelint', 'lint', 'postlint' ]
5 info lifecycle cast-kissanime@~prelint: cast-kissanime@
6 silly lifecycle cast-kissanime@~prelint: no script for prelint, continuing
7 info lifecycle cast-kissanime@~lint: cast-kissanime@
8 verbose lifecycle cast-kissanime@~lint: unsafe-perm in lifecycle true
9 verbose lifecycle cast-kissanime@~lint: PATH: /usr/local/lib/node_modules/npm/bin/node-gyp-bin:/Users/lee/Scratchpad/cast-kissanime/new/node_modules/.bin:/usr/local/Cellar/node/7.2.1/bin:/Users/lee/.rvm/gems/ruby-1.9.3-p547/bin:/Users/lee/.rvm/gems/ruby-1.9.3-p547@global/bin:/Users/lee/.rvm/rubies/ruby-1.9.3-p547/bin:/usr/local/bin:/usr/bin:/bin:/usr/sbin:/sbin:/opt/X11/bin:/Users/lee/.rvm/bin:/Users/lee/Library/Haskell/bin:/usr/local/bin:/usr/bin:/bin:/usr/sbin:/sbin:/opt/X11/bin
10 verbose lifecycle cast-kissanime@~lint: CWD: /Users/lee/Scratchpad/cast-kissanime/new
11 silly lifecycle cast-kissanime@~lint: Args: [ '-c', 'eslint --ext .js --ignore-path .gitignore js' ]
12 silly lifecycle cast-kissanime@~lint: Returned: code: 1  signal: null
13 info lifecycle cast-kissanime@~lint: Failed to exec lint script
14 verbose stack Error: cast-kissanime@ lint: `eslint --ext .js --ignore-path .gitignore js`
14 verbose stack Exit status 1
14 verbose stack     at EventEmitter.<anonymous> (/usr/local/lib/node_modules/npm/lib/utils/lifecycle.js:255:16)
14 verbose stack     at emitTwo (events.js:106:13)
14 verbose stack     at EventEmitter.emit (events.js:191:7)
14 verbose stack     at ChildProcess.<anonymous> (/usr/local/lib/node_modules/npm/lib/utils/spawn.js:40:14)
14 verbose stack     at emitTwo (events.js:106:13)
14 verbose stack     at ChildProcess.emit (events.js:191:7)
14 verbose stack     at maybeClose (internal/child_process.js:885:16)
14 verbose stack     at Process.ChildProcess._handle.onexit (internal/child_process.js:226:5)
15 verbose pkgid cast-kissanime@
16 verbose cwd /Users/lee/Scratchpad/cast-kissanime/new
17 error Darwin 16.3.0
18 error argv "/usr/local/Cellar/node/7.2.1/bin/node" "/usr/local/bin/npm" "run" "lint"
19 error node v7.2.1
20 error npm  v3.10.9
21 error code ELIFECYCLE
22 error cast-kissanime@ lint: `eslint --ext .js --ignore-path .gitignore js`
22 error Exit status 1
23 error Failed at the cast-kissanime@ lint script 'eslint --ext .js --ignore-path .gitignore js'.
23 error Make sure you have the latest version of node.js and npm installed.
23 error If you do, this is most likely a problem with the cast-kissanime package,
23 error not with npm itself.
23 error Tell the author that this fails on your system:
23 error     eslint --ext .js --ignore-path .gitignore js
23 error You can get information on how to open an issue for this project with:
23 error     npm bugs cast-kissanime
23 error Or if that isn't available, you can get their info via:
23 error     npm owner ls cast-kissanime
23 error There is likely additional logging output above.
24 verbose exit [ 1, true ]
